[0.375s] Invoking command in '/home/garima/first_ws/src/robot_controller': PYTHONPATH=/home/garima/first_ws/src/build/robot_controller/prefix_override:/home/garima/first_ws/src/install/robot_controller/lib/python3.10/site-packages:${PYTHONPATH} /usr/bin/python3 setup.py egg_info --egg-base ../build/robot_controller build --build-base /home/garima/first_ws/src/build/robot_controller/build install --record /home/garima/first_ws/src/build/robot_controller/install.log --single-version-externally-managed
[0.518s] running egg_info
[0.519s] creating ../build/robot_controller/robot_controller.egg-info
[0.519s] writing ../build/robot_controller/robot_controller.egg-info/PKG-INFO
[0.519s] writing dependency_links to ../build/robot_controller/robot_controller.egg-info/dependency_links.txt
[0.519s] writing entry points to ../build/robot_controller/robot_controller.egg-info/entry_points.txt
[0.519s] writing requirements to ../build/robot_controller/robot_controller.egg-info/requires.txt
[0.519s] writing top-level names to ../build/robot_controller/robot_controller.egg-info/top_level.txt
[0.519s] writing manifest file '../build/robot_controller/robot_controller.egg-info/SOURCES.txt'
[0.520s] reading manifest file '../build/robot_controller/robot_controller.egg-info/SOURCES.txt'
[0.521s] writing manifest file '../build/robot_controller/robot_controller.egg-info/SOURCES.txt'
[0.521s] running build
[0.521s] running build_py
[0.521s] creating /home/garima/first_ws/src/build/robot_controller/build
[0.521s] creating /home/garima/first_ws/src/build/robot_controller/build/lib
[0.521s] creating /home/garima/first_ws/src/build/robot_controller/build/lib/robot_controller
[0.521s] copying robot_controller/__init__.py -> /home/garima/first_ws/src/build/robot_controller/build/lib/robot_controller
[0.521s] running install
[0.521s] /usr/lib/python3/dist-packages/setuptools/command/install.py:34: SetuptoolsDeprecationWarning: setup.py install is deprecated. Use build and pip and other standards-based tools.
[0.521s]   warnings.warn(
[0.521s] running install_lib
[0.522s] creating /home/garima/first_ws/src/install/robot_controller/lib/python3.10/site-packages/robot_controller
[0.522s] copying /home/garima/first_ws/src/build/robot_controller/build/lib/robot_controller/__init__.py -> /home/garima/first_ws/src/install/robot_controller/lib/python3.10/site-packages/robot_controller
[0.522s] byte-compiling /home/garima/first_ws/src/install/robot_controller/lib/python3.10/site-packages/robot_controller/__init__.py to __init__.cpython-310.pyc
[0.522s] running install_data
[0.522s] creating /home/garima/first_ws/src/install/robot_controller/share/ament_index
[0.523s] creating /home/garima/first_ws/src/install/robot_controller/share/ament_index/resource_index
[0.523s] creating /home/garima/first_ws/src/install/robot_controller/share/ament_index/resource_index/packages
[0.523s] copying resource/robot_controller -> /home/garima/first_ws/src/install/robot_controller/share/ament_index/resource_index/packages
[0.523s] copying package.xml -> /home/garima/first_ws/src/install/robot_controller/share/robot_controller
[0.523s] running install_egg_info
[0.524s] Copying ../build/robot_controller/robot_controller.egg-info to /home/garima/first_ws/src/install/robot_controller/lib/python3.10/site-packages/robot_controller-0.0.0-py3.10.egg-info
[0.524s] running install_scripts
[0.536s] writing list of installed files to '/home/garima/first_ws/src/build/robot_controller/install.log'
[0.552s] Invoked command in '/home/garima/first_ws/src/robot_controller' returned '0': PYTHONPATH=/home/garima/first_ws/src/build/robot_controller/prefix_override:/home/garima/first_ws/src/install/robot_controller/lib/python3.10/site-packages:${PYTHONPATH} /usr/bin/python3 setup.py egg_info --egg-base ../build/robot_controller build --build-base /home/garima/first_ws/src/build/robot_controller/build install --record /home/garima/first_ws/src/build/robot_controller/install.log --single-version-externally-managed
