[0.432s] Invoking command in '/home/garima/first_ws/src/robot_controller': PYTHONPATH=/home/garima/first_ws/src/build/robot_controller/prefix_override:/home/garima/first_ws/src/install/robot_controller/lib/python3.10/site-packages:${PYTHONPATH} /usr/bin/python3 setup.py egg_info --egg-base ../build/robot_controller build --build-base /home/garima/first_ws/src/build/robot_controller/build install --record /home/garima/first_ws/src/build/robot_controller/install.log --single-version-externally-managed
[0.601s] running egg_info
[0.602s] writing ../build/robot_controller/robot_controller.egg-info/PKG-INFO
[0.602s] writing dependency_links to ../build/robot_controller/robot_controller.egg-info/dependency_links.txt
[0.602s] writing entry points to ../build/robot_controller/robot_controller.egg-info/entry_points.txt
[0.602s] writing requirements to ../build/robot_controller/robot_controller.egg-info/requires.txt
[0.602s] writing top-level names to ../build/robot_controller/robot_controller.egg-info/top_level.txt
[0.603s] reading manifest file '../build/robot_controller/robot_controller.egg-info/SOURCES.txt'
[0.604s] writing manifest file '../build/robot_controller/robot_controller.egg-info/SOURCES.txt'
[0.604s] running build
[0.604s] running build_py
[0.604s] copying robot_controller/my_first_node.py -> /home/garima/first_ws/src/build/robot_controller/build/lib/robot_controller
[0.604s] running install
[0.604s] running install_lib
[0.605s] copying /home/garima/first_ws/src/build/robot_controller/build/lib/robot_controller/my_first_node.py -> /home/garima/first_ws/src/install/robot_controller/lib/python3.10/site-packages/robot_controller
[0.605s] byte-compiling /home/garima/first_ws/src/install/robot_controller/lib/python3.10/site-packages/robot_controller/my_first_node.py to my_first_node.cpython-310.pyc
[0.606s] running install_data
[0.606s] running install_egg_info
[0.607s] removing '/home/garima/first_ws/src/install/robot_controller/lib/python3.10/site-packages/robot_controller-0.0.0-py3.10.egg-info' (and everything under it)
[0.607s] Copying ../build/robot_controller/robot_controller.egg-info to /home/garima/first_ws/src/install/robot_controller/lib/python3.10/site-packages/robot_controller-0.0.0-py3.10.egg-info
[0.608s] running install_scripts
[0.621s] Installing test_node script to /home/garima/first_ws/src/install/robot_controller/lib/robot_controller
[0.622s] writing list of installed files to '/home/garima/first_ws/src/build/robot_controller/install.log'
[0.647s] Invoked command in '/home/garima/first_ws/src/robot_controller' returned '0': PYTHONPATH=/home/garima/first_ws/src/build/robot_controller/prefix_override:/home/garima/first_ws/src/install/robot_controller/lib/python3.10/site-packages:${PYTHONPATH} /usr/bin/python3 setup.py egg_info --egg-base ../build/robot_controller build --build-base /home/garima/first_ws/src/build/robot_controller/build install --record /home/garima/first_ws/src/build/robot_controller/install.log --single-version-externally-managed
